<?xml version="1.0" encoding="UTF-8"?>
<!-- Generated by org.testng.reporters.JUnitReportReporter -->
<testsuite hostname="LAPTOP-B47LGISV" failures="0" tests="2" name="com.maven.AppTest" time="0.021" errors="0" timestamp="2023-05-27T19:35:55 IST" skipped="0">
  <testcase classname="com.maven.AppTest" name="testlogin2" time="0.001"/>
  <system-out/>
  <testcase classname="com.maven.AppTest" name="testlogin1" time="0.020"/>
  <system-out/>
</testsuite> <!-- com.maven.AppTest -->
