<?xml version="1.0" encoding="UTF-8"?>
<!-- Generated by org.testng.reporters.JUnitReportReporter -->
<testsuite hostname="LAPTOP-B47LGISV" failures="0" tests="1" name="com.maven.TC_Login" time="11.222" errors="0" timestamp="2023-05-27T20:05:00 IST" skipped="0">
  <testcase classname="com.maven.TC_Login" name="login_Test" time="11.222"/>
  <system-out/>
</testsuite> <!-- com.maven.TC_Login -->
