<?xml version="1.0" encoding="UTF-8"?>
<!-- Generated by org.testng.reporters.JUnitReportReporter -->
<testsuite hostname="LAPTOP-B47LGISV" failures="0" tests="1" name="com.maven.TC_Login" time="77.353" errors="0" timestamp="2023-05-28T13:16:47 IST" skipped="0">
  <testcase classname="com.maven.TC_Login" name="login_Test" time="77.353"/>
  <system-out/>
</testsuite> <!-- com.maven.TC_Login -->
